
SQL*Loader: Release 11.2.0.2.0 - Production on Fri Jan 11 17:26:49 2019

Copyright (c) 1982, 2009, Oracle and/or its affiliates.  All rights reserved.

Control File:   Data/Contrat.ctl
Data File:      ./Data/Contrat.csv
  Bad File:     Logs/Contrat.bad
  Discard File: Logs/Contrat.discard 
 (Allow all discards)

Number to load: ALL
Number to skip: 1
Errors allowed: 50
Bind array:     64 rows, maximum of 256000 bytes
Continuation:    none specified
Path used:      Conventional

Table CONTRAT, loaded from every logical record.
Insert option in effect for this table: TRUNCATE
TRAILING NULLCOLS option in effect

   Column Name                  Position   Len  Term Encl Datatype
------------------------------ ---------- ----- ---- ---- ---------------------
ID_PILOTE                           FIRST     *   ;       CHARACTER            
MOTO_MODELE                          NEXT     *   ;       CHARACTER            
MOTO_ANNEE                           NEXT     *   ;       DATE YYYY            
TEAM_NOM                             NEXT     *   ;       CHARACTER            
ANNEE_DEBUT                          NEXT     *   ;       DATE YYYY-MM-DD      
ANNEE_FIN                            NEXT     *   ;       DATE YYYY-MM-DD      


Table CONTRAT:
  27 Rows successfully loaded.
  0 Rows not loaded due to data errors.
  0 Rows not loaded because all WHEN clauses were failed.
  0 Rows not loaded because all fields were null.


Space allocated for bind array:                  99072 bytes(64 rows)
Read   buffer bytes: 1048576

Total logical records skipped:          1
Total logical records read:            27
Total logical records rejected:         0
Total logical records discarded:        0

Run began on Fri Jan 11 17:26:49 2019
Run ended on Fri Jan 11 17:26:49 2019

Elapsed time was:     00:00:00.12
CPU time was:         00:00:00.00
